INFO 2021-06-08 14:39:52,238 autoreload 250 E:\1a.毕设\ojSys\server\settings.py changed, reloading.
INFO 2021-06-08 14:39:52,921 autoreload 636 Watching for file changes with StatReloader
INFO 2021-06-08 14:40:17,007 basehttp 161 "GET /api/v1/cron/contests?210608024016997 HTTP/1.1" 301 0
INFO 2021-06-08 14:40:17,027 basehttp 161 "GET /api/v1/cron/contests/?210608024016997 HTTP/1.1" 200 10
INFO 2021-06-08 14:41:17,032 basehttp 161 "GET /api/v1/cron/contests?21060802411729 HTTP/1.1" 301 0
INFO 2021-06-08 14:41:17,044 basehttp 161 "GET /api/v1/cron/contests/?21060802411729 HTTP/1.1" 200 10
INFO 2021-06-08 14:42:17,048 basehttp 161 "GET /api/v1/cron/contests?21060802421747 HTTP/1.1" 301 0
INFO 2021-06-08 14:42:17,057 basehttp 161 "GET /api/v1/cron/contests/?21060802421747 HTTP/1.1" 200 10
INFO 2021-06-08 14:43:17,062 basehttp 161 "GET /api/v1/cron/contests?21060802431759 HTTP/1.1" 301 0
INFO 2021-06-08 14:43:17,077 basehttp 161 "GET /api/v1/cron/contests/?21060802431759 HTTP/1.1" 200 10
INFO 2021-06-08 14:44:17,079 basehttp 161 "GET /api/v1/cron/contests?21060802441778 HTTP/1.1" 301 0
INFO 2021-06-08 14:44:17,086 basehttp 161 "GET /api/v1/cron/contests/?21060802441778 HTTP/1.1" 200 10
INFO 2021-06-08 14:45:17,091 basehttp 161 "GET /api/v1/cron/contests?21060802451787 HTTP/1.1" 301 0
INFO 2021-06-08 14:45:17,111 basehttp 161 "GET /api/v1/cron/contests/?21060802451787 HTTP/1.1" 200 10
INFO 2021-06-08 14:46:17,115 basehttp 161 "GET /api/v1/cron/contests?210608024617114 HTTP/1.1" 301 0
INFO 2021-06-08 14:46:17,122 basehttp 161 "GET /api/v1/cron/contests/?210608024617114 HTTP/1.1" 200 10
INFO 2021-06-08 14:47:17,126 basehttp 161 "GET /api/v1/cron/contests?210608024717123 HTTP/1.1" 301 0
INFO 2021-06-08 14:47:17,138 basehttp 161 "GET /api/v1/cron/contests/?210608024717123 HTTP/1.1" 200 10
INFO 2021-06-08 14:48:17,143 basehttp 161 "GET /api/v1/cron/contests?210608024817142 HTTP/1.1" 301 0
INFO 2021-06-08 14:48:17,153 basehttp 161 "GET /api/v1/cron/contests/?210608024817142 HTTP/1.1" 200 10
INFO 2021-06-08 14:49:17,154 basehttp 161 "GET /api/v1/cron/contests?210608024917153 HTTP/1.1" 301 0
INFO 2021-06-08 14:49:17,162 basehttp 161 "GET /api/v1/cron/contests/?210608024917153 HTTP/1.1" 200 10
INFO 2021-06-08 14:50:17,169 basehttp 161 "GET /api/v1/cron/contests?210608025017165 HTTP/1.1" 301 0
INFO 2021-06-08 14:50:17,190 basehttp 161 "GET /api/v1/cron/contests/?210608025017165 HTTP/1.1" 200 10
INFO 2021-06-08 14:51:17,197 basehttp 161 "GET /api/v1/cron/contests?210608025117194 HTTP/1.1" 301 0
INFO 2021-06-08 14:51:17,220 basehttp 161 "GET /api/v1/cron/contests/?210608025117194 HTTP/1.1" 200 10
INFO 2021-06-08 14:52:17,223 basehttp 161 "GET /api/v1/cron/contests?210608025217221 HTTP/1.1" 301 0
INFO 2021-06-08 14:52:17,235 basehttp 161 "GET /api/v1/cron/contests/?210608025217221 HTTP/1.1" 200 10
INFO 2021-06-08 14:53:17,241 basehttp 161 "GET /api/v1/cron/contests?210608025317238 HTTP/1.1" 301 0
INFO 2021-06-08 14:53:17,253 basehttp 161 "GET /api/v1/cron/contests/?210608025317238 HTTP/1.1" 200 10
INFO 2021-06-08 14:54:17,258 basehttp 161 "GET /api/v1/cron/contests?210608025417255 HTTP/1.1" 301 0
INFO 2021-06-08 14:54:17,271 basehttp 161 "GET /api/v1/cron/contests/?210608025417255 HTTP/1.1" 200 10
INFO 2021-06-08 14:55:17,271 basehttp 161 "GET /api/v1/cron/contests?210608025517270 HTTP/1.1" 301 0
INFO 2021-06-08 14:55:17,278 basehttp 161 "GET /api/v1/cron/contests/?210608025517270 HTTP/1.1" 200 10
INFO 2021-06-08 14:56:11,996 autoreload 250 E:\1a.毕设\ojSys\manage.py changed, reloading.
INFO 2021-06-08 14:56:14,688 autoreload 636 Watching for file changes with StatReloader
INFO 2021-06-08 14:56:17,285 basehttp 161 "GET /api/v1/cron/contests?210608025617282 HTTP/1.1" 301 0
INFO 2021-06-08 14:56:17,299 basehttp 161 "GET /api/v1/cron/contests/?210608025617282 HTTP/1.1" 200 10
INFO 2021-06-08 14:57:17,302 basehttp 161 "GET /api/v1/cron/contests?210608025717300 HTTP/1.1" 301 0
INFO 2021-06-08 14:57:17,311 basehttp 161 "GET /api/v1/cron/contests/?210608025717300 HTTP/1.1" 200 10
INFO 2021-06-08 14:58:17,315 basehttp 161 "GET /api/v1/cron/contests?210608025817312 HTTP/1.1" 301 0
INFO 2021-06-08 14:58:17,324 basehttp 161 "GET /api/v1/cron/contests/?210608025817312 HTTP/1.1" 200 10
INFO 2021-06-08 14:59:17,325 basehttp 161 "GET /api/v1/cron/contests?210608025917324 HTTP/1.1" 301 0
INFO 2021-06-08 14:59:17,332 basehttp 161 "GET /api/v1/cron/contests/?210608025917324 HTTP/1.1" 200 10
INFO 2021-06-08 15:00:17,338 basehttp 161 "GET /api/v1/cron/contests?210608030017335 HTTP/1.1" 301 0
INFO 2021-06-08 15:00:17,360 basehttp 161 "GET /api/v1/cron/contests/?210608030017335 HTTP/1.1" 200 10
INFO 2021-06-08 15:01:02,494 autoreload 250 E:\1a.毕设\ojSys\manage.py changed, reloading.
INFO 2021-06-08 15:04:21,167 autoreload 636 Watching for file changes with StatReloader
INFO 2021-06-08 15:04:23,403 basehttp 161 "GET /api/v1/cron/contests?210608030423395 HTTP/1.1" 301 0
INFO 2021-06-08 15:04:23,417 basehttp 161 "GET /api/v1/cron/contests/?210608030423395 HTTP/1.1" 200 10
INFO 2021-06-08 15:04:45,339 autoreload 250 E:\1a.毕设\ojSys\manage.py changed, reloading.
INFO 2021-06-08 15:04:45,997 autoreload 636 Watching for file changes with StatReloader
INFO 2021-06-08 15:04:48,751 autoreload 636 Watching for file changes with StatReloader
INFO 2021-06-08 15:04:59,966 autoreload 250 E:\1a.毕设\ojSys\manage.py changed, reloading.
INFO 2021-06-08 15:05:00,584 autoreload 636 Watching for file changes with StatReloader
INFO 2021-06-08 15:05:04,026 autoreload 636 Watching for file changes with StatReloader
INFO 2021-06-08 15:05:14,198 autoreload 250 E:\1a.毕设\ojSys\manage.py changed, reloading.
INFO 2021-06-08 15:05:14,781 autoreload 636 Watching for file changes with StatReloader
INFO 2021-06-08 15:05:23,427 basehttp 161 "GET /api/v1/cron/contests?210608030523418 HTTP/1.1" 301 0
INFO 2021-06-08 15:05:23,450 basehttp 161 "GET /api/v1/cron/contests/?210608030523418 HTTP/1.1" 200 10
INFO 2021-06-08 15:06:23,455 basehttp 161 "GET /api/v1/cron/contests?210608030623452 HTTP/1.1" 301 0
INFO 2021-06-08 15:06:23,467 basehttp 161 "GET /api/v1/cron/contests/?210608030623452 HTTP/1.1" 200 10
INFO 2021-06-08 15:07:47,786 autoreload 636 Watching for file changes with StatReloader
INFO 2021-06-08 15:08:25,490 basehttp 161 "GET /api/v1/cron/contests?210608030825482 HTTP/1.1" 301 0
INFO 2021-06-08 15:08:25,504 basehttp 161 "GET /api/v1/cron/contests/?210608030825482 HTTP/1.1" 200 10
INFO 2021-06-08 15:09:25,506 basehttp 161 "GET /api/v1/cron/contests?210608030925505 HTTP/1.1" 301 0
INFO 2021-06-08 15:09:25,513 basehttp 161 "GET /api/v1/cron/contests/?210608030925505 HTTP/1.1" 200 10
INFO 2021-06-08 15:10:25,518 basehttp 161 "GET /api/v1/cron/contests?210608031025515 HTTP/1.1" 301 0
INFO 2021-06-08 15:10:25,535 basehttp 161 "GET /api/v1/cron/contests/?210608031025515 HTTP/1.1" 200 10
INFO 2021-06-08 15:11:25,539 basehttp 161 "GET /api/v1/cron/contests?210608031125538 HTTP/1.1" 301 0
INFO 2021-06-08 15:11:25,546 basehttp 161 "GET /api/v1/cron/contests/?210608031125538 HTTP/1.1" 200 10
INFO 2021-06-08 15:12:25,551 basehttp 161 "GET /api/v1/cron/contests?210608031225548 HTTP/1.1" 301 0
INFO 2021-06-08 15:12:25,563 basehttp 161 "GET /api/v1/cron/contests/?210608031225548 HTTP/1.1" 200 10
INFO 2021-06-08 15:13:25,567 basehttp 161 "GET /api/v1/cron/contests?210608031325564 HTTP/1.1" 301 0
INFO 2021-06-08 15:13:25,579 basehttp 161 "GET /api/v1/cron/contests/?210608031325564 HTTP/1.1" 200 10
INFO 2021-06-08 15:14:25,583 basehttp 161 "GET /api/v1/cron/contests?210608031425582 HTTP/1.1" 301 0
INFO 2021-06-08 15:14:25,594 basehttp 161 "GET /api/v1/cron/contests/?210608031425582 HTTP/1.1" 200 10
INFO 2021-06-08 15:15:24,672 autoreload 250 E:\1a.毕设\ojSys\server\settings.py changed, reloading.
INFO 2021-06-08 15:15:25,264 autoreload 636 Watching for file changes with StatReloader
INFO 2021-06-08 15:15:25,600 basehttp 161 "GET /api/v1/cron/contests?210608031525596 HTTP/1.1" 301 0
INFO 2021-06-08 15:15:25,618 basehttp 161 "GET /api/v1/cron/contests/?210608031525596 HTTP/1.1" 200 10
INFO 2021-06-08 15:15:53,549 autoreload 250 E:\1a.毕设\ojSys\server\settings.py changed, reloading.
INFO 2021-06-08 15:15:54,147 autoreload 636 Watching for file changes with StatReloader
INFO 2021-06-08 15:16:25,622 basehttp 161 "GET /api/v1/cron/contests?210608031625619 HTTP/1.1" 301 0
INFO 2021-06-08 15:16:25,637 basehttp 161 "GET /api/v1/cron/contests/?210608031625619 HTTP/1.1" 200 10
INFO 2021-06-08 15:16:28,909 autoreload 250 E:\1a.毕设\ojSys\server\settings.py changed, reloading.
INFO 2021-06-08 15:16:29,500 autoreload 636 Watching for file changes with StatReloader
INFO 2021-06-08 15:16:41,831 autoreload 250 E:\1a.毕设\ojSys\server\settings.py changed, reloading.
INFO 2021-06-08 15:16:42,422 autoreload 636 Watching for file changes with StatReloader
INFO 2021-06-08 15:17:05,311 autoreload 250 E:\1a.毕设\ojSys\server\settings.py changed, reloading.
INFO 2021-06-08 15:17:05,875 autoreload 636 Watching for file changes with StatReloader
INFO 2021-06-08 15:17:25,644 basehttp 161 "GET /api/v1/cron/contests?210608031725641 HTTP/1.1" 301 0
INFO 2021-06-08 15:17:25,657 basehttp 161 "GET /api/v1/cron/contests/?210608031725641 HTTP/1.1" 200 10
INFO 2021-06-08 15:18:25,658 basehttp 161 "GET /api/v1/cron/contests?210608031825657 HTTP/1.1" 301 0
INFO 2021-06-08 15:18:25,666 basehttp 161 "GET /api/v1/cron/contests/?210608031825657 HTTP/1.1" 200 10
INFO 2021-06-08 15:19:25,670 basehttp 161 "GET /api/v1/cron/contests?210608031925667 HTTP/1.1" 301 0
INFO 2021-06-08 15:19:25,682 basehttp 161 "GET /api/v1/cron/contests/?210608031925667 HTTP/1.1" 200 10
INFO 2021-06-08 15:19:42,683 autoreload 250 E:\1a.毕设\ojSys\settings.py changed, reloading.
INFO 2021-06-08 15:19:43,252 autoreload 636 Watching for file changes with StatReloader
INFO 2021-06-08 15:20:25,687 basehttp 161 "GET /api/v1/cron/contests?210608032025683 HTTP/1.1" 301 0
INFO 2021-06-08 15:20:25,701 basehttp 161 "GET /api/v1/cron/contests/?210608032025683 HTTP/1.1" 200 10
INFO 2021-06-08 15:20:30,779 autoreload 250 E:\1a.毕设\ojSys\server\settings.py changed, reloading.
INFO 2021-06-08 15:20:37,467 autoreload 636 Watching for file changes with StatReloader
INFO 2021-06-08 15:21:24,811 autoreload 250 E:\1a.毕设\ojSys\server\settings.py changed, reloading.
INFO 2021-06-08 15:21:25,391 autoreload 636 Watching for file changes with StatReloader
INFO 2021-06-08 15:21:26,214 basehttp 161 "GET /api/v1/cron/contests?210608032125703 HTTP/1.1" 301 0
INFO 2021-06-08 15:21:26,228 basehttp 161 "GET /api/v1/cron/contests/?210608032125703 HTTP/1.1" 200 10
INFO 2021-06-08 15:22:23,335 autoreload 250 E:\1a.毕设\ojSys\config.py changed, reloading.
INFO 2021-06-08 15:22:23,908 autoreload 636 Watching for file changes with StatReloader
INFO 2021-06-08 15:22:26,236 basehttp 161 "GET /api/v1/cron/contests?210608032226228 HTTP/1.1" 301 0
INFO 2021-06-08 15:22:26,250 basehttp 161 "GET /api/v1/cron/contests/?210608032226228 HTTP/1.1" 200 10
INFO 2021-06-08 15:23:20,994 autoreload 250 E:\1a.毕设\ojSys\config.py changed, reloading.
INFO 2021-06-08 15:23:21,593 autoreload 636 Watching for file changes with StatReloader
INFO 2021-06-08 15:23:26,255 basehttp 161 "GET /api/v1/cron/contests?210608032326252 HTTP/1.1" 301 0
INFO 2021-06-08 15:23:26,269 basehttp 161 "GET /api/v1/cron/contests/?210608032326252 HTTP/1.1" 200 10
INFO 2021-06-08 15:24:12,366 autoreload 250 E:\1a.毕设\ojSys\server\settings.py changed, reloading.
INFO 2021-06-08 15:24:12,955 autoreload 636 Watching for file changes with StatReloader
INFO 2021-06-08 15:24:26,278 basehttp 161 "GET /api/v1/cron/contests?210608032426271 HTTP/1.1" 301 0
INFO 2021-06-08 15:24:26,294 basehttp 161 "GET /api/v1/cron/contests/?210608032426271 HTTP/1.1" 200 10
INFO 2021-06-08 15:25:26,299 basehttp 161 "GET /api/v1/cron/contests?210608032526298 HTTP/1.1" 301 0
INFO 2021-06-08 15:25:26,310 basehttp 161 "GET /api/v1/cron/contests/?210608032526298 HTTP/1.1" 200 10
INFO 2021-06-08 15:26:26,313 basehttp 161 "GET /api/v1/cron/contests?210608032626312 HTTP/1.1" 301 0
INFO 2021-06-08 15:26:26,322 basehttp 161 "GET /api/v1/cron/contests/?210608032626312 HTTP/1.1" 200 10
INFO 2021-06-08 15:27:08,951 autoreload 250 E:\1a.毕设\ojSys\server\settings.py changed, reloading.
INFO 2021-06-08 15:27:09,515 autoreload 636 Watching for file changes with StatReloader
INFO 2021-06-08 15:27:17,621 autoreload 250 E:\1a.毕设\ojSys\server\settings.py changed, reloading.
INFO 2021-06-08 15:27:18,258 autoreload 636 Watching for file changes with StatReloader
INFO 2021-06-08 15:27:25,298 autoreload 250 E:\1a.毕设\ojSys\server\settings.py changed, reloading.
INFO 2021-06-08 15:27:25,860 autoreload 636 Watching for file changes with StatReloader
INFO 2021-06-08 15:27:26,328 basehttp 161 "GET /api/v1/cron/contests?210608032726325 HTTP/1.1" 301 0
INFO 2021-06-08 15:27:26,357 basehttp 161 "GET /api/v1/cron/contests/?210608032726325 HTTP/1.1" 200 10
INFO 2021-06-08 15:28:26,363 basehttp 161 "GET /api/v1/cron/contests?210608032826360 HTTP/1.1" 301 0
INFO 2021-06-08 15:28:26,375 basehttp 161 "GET /api/v1/cron/contests/?210608032826360 HTTP/1.1" 200 10
INFO 2021-06-08 15:29:09,413 autoreload 250 E:\1a.毕设\ojSys\config.py changed, reloading.
INFO 2021-06-08 15:29:10,048 autoreload 636 Watching for file changes with StatReloader
INFO 2021-06-08 15:29:26,384 basehttp 161 "GET /api/v1/cron/contests?210608032926376 HTTP/1.1" 301 0
INFO 2021-06-08 15:29:26,398 basehttp 161 "GET /api/v1/cron/contests/?210608032926376 HTTP/1.1" 200 10
INFO 2021-06-08 15:29:58,676 autoreload 250 E:\1a.毕设\ojSys\server\settings.py changed, reloading.
INFO 2021-06-08 15:30:47,035 autoreload 636 Watching for file changes with StatReloader
INFO 2021-06-08 15:31:04,641 autoreload 250 E:\1a.毕设\ojSys\config.py changed, reloading.
INFO 2021-06-08 15:31:05,322 autoreload 636 Watching for file changes with StatReloader
INFO 2021-06-08 15:31:28,300 autoreload 250 E:\1a.毕设\ojSys\server\settings.py changed, reloading.
INFO 2021-06-08 15:31:28,910 autoreload 636 Watching for file changes with StatReloader
INFO 2021-06-08 15:31:36,945 autoreload 250 E:\1a.毕设\ojSys\server\settings.py changed, reloading.
INFO 2021-06-08 15:31:37,567 autoreload 636 Watching for file changes with StatReloader
INFO 2021-06-08 15:31:59,430 autoreload 250 E:\1a.毕设\ojSys\config.py changed, reloading.
INFO 2021-06-08 15:32:00,018 autoreload 636 Watching for file changes with StatReloader
INFO 2021-06-08 15:32:11,333 autoreload 250 E:\1a.毕设\ojSys\server\settings.py changed, reloading.
INFO 2021-06-08 15:32:11,901 autoreload 636 Watching for file changes with StatReloader
INFO 2021-06-08 15:32:32,435 basehttp 161 "GET /api/v1/cron/contests?210608033232427 HTTP/1.1" 301 0
INFO 2021-06-08 15:32:32,449 basehttp 161 "GET /api/v1/cron/contests/?210608033232427 HTTP/1.1" 200 10
INFO 2021-06-08 15:32:59,471 autoreload 250 E:\1a.毕设\ojSys\config.py changed, reloading.
INFO 2021-06-08 15:33:00,175 autoreload 636 Watching for file changes with StatReloader
INFO 2021-06-08 15:33:14,623 autoreload 250 E:\1a.毕设\ojSys\server\settings.py changed, reloading.
INFO 2021-06-08 15:33:15,204 autoreload 636 Watching for file changes with StatReloader
INFO 2021-06-08 15:33:25,451 autoreload 250 E:\1a.毕设\ojSys\server\settings.py changed, reloading.
INFO 2021-06-08 15:33:26,033 autoreload 636 Watching for file changes with StatReloader
INFO 2021-06-08 15:33:32,458 basehttp 161 "GET /api/v1/cron/contests?210608033332450 HTTP/1.1" 301 0
INFO 2021-06-08 15:33:32,472 basehttp 161 "GET /api/v1/cron/contests/?210608033332450 HTTP/1.1" 200 10
INFO 2021-06-08 15:33:33,295 autoreload 250 E:\1a.毕设\ojSys\server\settings.py changed, reloading.
INFO 2021-06-08 15:33:33,882 autoreload 636 Watching for file changes with StatReloader
INFO 2021-06-08 15:34:32,480 basehttp 161 "GET /api/v1/cron/contests?210608033432475 HTTP/1.1" 301 0
INFO 2021-06-08 15:34:32,497 basehttp 161 "GET /api/v1/cron/contests/?210608033432475 HTTP/1.1" 200 10
INFO 2021-06-08 15:35:32,501 basehttp 161 "GET /api/v1/cron/contests?210608033532500 HTTP/1.1" 301 0
INFO 2021-06-08 15:35:32,509 basehttp 161 "GET /api/v1/cron/contests/?210608033532500 HTTP/1.1" 200 10
INFO 2021-06-08 15:36:29,783 autoreload 250 E:\1a.毕设\ojSys\server\settings.py changed, reloading.
INFO 2021-06-08 15:39:46,223 autoreload 636 Watching for file changes with StatReloader
INFO 2021-06-08 15:40:21,897 autoreload 250 E:\1a.毕设\ojSys\server\settings.py changed, reloading.
INFO 2021-06-08 15:40:22,506 autoreload 636 Watching for file changes with StatReloader
INFO 2021-06-08 15:40:30,568 autoreload 250 E:\1a.毕设\ojSys\server\settings.py changed, reloading.
INFO 2021-06-08 15:40:31,143 autoreload 636 Watching for file changes with StatReloader
INFO 2021-06-08 15:40:40,574 basehttp 161 "GET /api/v1/cron/contests?210608034040564 HTTP/1.1" 301 0
INFO 2021-06-08 15:40:40,593 basehttp 161 "GET /api/v1/cron/contests/?210608034040564 HTTP/1.1" 200 10
INFO 2021-06-08 15:41:40,598 basehttp 161 "GET /api/v1/cron/contests?210608034140594 HTTP/1.1" 301 0
INFO 2021-06-08 15:41:40,610 basehttp 161 "GET /api/v1/cron/contests/?210608034140594 HTTP/1.1" 200 10
INFO 2021-06-08 15:42:40,614 basehttp 161 "GET /api/v1/cron/contests?210608034240611 HTTP/1.1" 301 0
INFO 2021-06-08 15:42:40,626 basehttp 161 "GET /api/v1/cron/contests/?210608034240611 HTTP/1.1" 200 10
INFO 2021-06-08 15:43:01,661 autoreload 250 E:\1a.毕设\ojSys\config.py changed, reloading.
INFO 2021-06-08 15:43:02,392 autoreload 636 Watching for file changes with StatReloader
INFO 2021-06-08 15:43:17,895 autoreload 250 E:\1a.毕设\ojSys\server\settings.py changed, reloading.
INFO 2021-06-08 15:43:18,463 autoreload 636 Watching for file changes with StatReloader
INFO 2021-06-08 15:43:27,668 autoreload 250 E:\1a.毕设\ojSys\api\models\user\user.py changed, reloading.
INFO 2021-06-08 15:43:28,285 autoreload 636 Watching for file changes with StatReloader
INFO 2021-06-08 15:43:38,564 autoreload 250 E:\1a.毕设\ojSys\api\models\user\user.py changed, reloading.
INFO 2021-06-08 15:43:39,187 autoreload 636 Watching for file changes with StatReloader
INFO 2021-06-08 15:43:40,631 basehttp 161 "GET /api/v1/cron/contests?210608034340628 HTTP/1.1" 301 0
INFO 2021-06-08 15:43:40,647 basehttp 161 "GET /api/v1/cron/contests/?210608034340628 HTTP/1.1" 200 10
INFO 2021-06-08 15:44:40,653 basehttp 161 "GET /api/v1/cron/contests?210608034440650 HTTP/1.1" 301 0
INFO 2021-06-08 15:44:40,677 basehttp 161 "GET /api/v1/cron/contests/?210608034440650 HTTP/1.1" 200 10
INFO 2021-06-08 15:45:40,680 basehttp 161 "GET /api/v1/cron/contests?210608034540677 HTTP/1.1" 301 0
INFO 2021-06-08 15:45:40,692 basehttp 161 "GET /api/v1/cron/contests/?210608034540677 HTTP/1.1" 200 10
INFO 2021-06-08 15:45:46,145 autoreload 250 E:\1a.毕设\ojSys\config.py changed, reloading.
INFO 2021-06-08 15:45:46,863 autoreload 636 Watching for file changes with StatReloader
INFO 2021-06-08 15:46:26,796 autoreload 250 E:\1a.毕设\ojSys\celery_tasks\sms\ronglian_sms_sdk\sms.py changed, reloading.
INFO 2021-06-08 15:46:27,375 autoreload 636 Watching for file changes with StatReloader
INFO 2021-06-08 15:46:40,697 basehttp 161 "GET /api/v1/cron/contests?210608034640695 HTTP/1.1" 301 0
INFO 2021-06-08 15:46:40,712 basehttp 161 "GET /api/v1/cron/contests/?210608034640695 HTTP/1.1" 200 10
INFO 2021-06-08 15:46:54,714 autoreload 250 E:\1a.毕设\ojSys\config.py changed, reloading.
INFO 2021-06-08 15:46:55,384 autoreload 636 Watching for file changes with StatReloader
INFO 2021-06-08 15:47:40,723 basehttp 161 "GET /api/v1/cron/contests?210608034740715 HTTP/1.1" 301 0
INFO 2021-06-08 15:47:40,750 basehttp 161 "GET /api/v1/cron/contests/?210608034740715 HTTP/1.1" 200 10
INFO 2021-06-08 15:48:09,429 autoreload 250 E:\1a.毕设\ojSys\config.py changed, reloading.
INFO 2021-06-08 15:48:10,003 autoreload 636 Watching for file changes with StatReloader
INFO 2021-06-08 15:48:40,758 basehttp 161 "GET /api/v1/cron/contests?210608034840751 HTTP/1.1" 301 0
INFO 2021-06-08 15:48:40,772 basehttp 161 "GET /api/v1/cron/contests/?210608034840751 HTTP/1.1" 200 10
INFO 2021-06-08 15:48:51,171 autoreload 250 E:\1a.毕设\ojSys\config.py changed, reloading.
INFO 2021-06-08 15:48:51,769 autoreload 636 Watching for file changes with StatReloader
INFO 2021-06-08 15:49:40,778 basehttp 161 "GET /api/v1/cron/contests?210608034940775 HTTP/1.1" 301 0
INFO 2021-06-08 15:49:40,792 basehttp 161 "GET /api/v1/cron/contests/?210608034940775 HTTP/1.1" 200 10
INFO 2021-06-08 15:49:56,600 basehttp 161 "GET /api/v1/problems/ HTTP/1.1" 200 11662
INFO 2021-06-08 15:49:56,625 basehttp 161 "GET /api/v1/contests/ HTTP/1.1" 200 498
WARNING 2021-06-08 15:49:58,907 log 224 Not Found: /
WARNING 2021-06-08 15:49:58,908 basehttp 161 "GET / HTTP/1.1" 404 2275
WARNING 2021-06-08 15:49:58,970 log 224 Not Found: /favicon.ico
WARNING 2021-06-08 15:49:58,971 basehttp 161 "GET /favicon.ico HTTP/1.1" 404 2326
INFO 2021-06-08 15:50:04,278 basehttp 161 "GET /api/v1/problems/ranking HTTP/1.1" 301 0
INFO 2021-06-08 15:50:04,301 basehttp 161 "GET /api/v1/problems/ HTTP/1.1" 200 11662
INFO 2021-06-08 15:50:04,312 basehttp 161 "GET /api/v1/problems/?page=1&page_size=10&ordering=id&alg=&ds=&firm=&header= HTTP/1.1" 200 7850
INFO 2021-06-08 15:50:04,322 basehttp 161 "GET /api/v1/problems/?page_size=9007199254740991 HTTP/1.1" 200 15391
INFO 2021-06-08 15:50:04,325 basehttp 161 "GET /api/v1/contests/ HTTP/1.1" 200 498
INFO 2021-06-08 15:50:06,540 basehttp 161 "GET /api/v1/problems/?page=1&page_size=10&ordering=id&alg=&ds=&firm=%E6%B5%99%E6%B1%9F%E5%A4%A7%E5%AD%A6&header= HTTP/1.1" 200 1740
INFO 2021-06-08 15:50:06,938 basehttp 161 "GET /api/v1/problems/?page=1&page_size=10&ordering=id&alg=&ds=&firm=%E9%98%BF%E9%87%8C%E5%B7%B4%E5%B7%B4%E9%9B%86%E5%9B%A2&header= HTTP/1.1" 200 2720
INFO 2021-06-08 15:50:10,068 basehttp 161 "GET /api/v1/problems/?page=1&page_size=10&ordering=id&alg=&ds=&firm=&header= HTTP/1.1" 200 7850
INFO 2021-06-08 15:50:10,899 basehttp 161 "GET /api/v1/problems/?page=1&page_size=10&ordering=id&alg=&ds=&firm=&header= HTTP/1.1" 200 7850
INFO 2021-06-08 15:50:11,669 basehttp 161 "GET /api/v1/problems/?page=1&page_size=10&ordering=-id&alg=&ds=&firm=&header= HTTP/1.1" 200 6087
INFO 2021-06-08 15:50:12,779 basehttp 161 "GET /api/v1/problems/?page=1&page_size=10&ordering=-id&alg=&ds=&firm=&header= HTTP/1.1" 200 6087
INFO 2021-06-08 15:50:13,109 basehttp 161 "GET /api/v1/problems/?page=1&page_size=10&ordering=-header&alg=&ds=&firm=&header= HTTP/1.1" 200 8168
INFO 2021-06-08 15:50:15,596 basehttp 161 "GET /api/v1/problems/?page=1&page_size=10&ordering=-header&alg=&ds=&firm=&header= HTTP/1.1" 200 8168
INFO 2021-06-08 15:50:40,795 basehttp 161 "GET /api/v1/cron/contests?210608035040792 HTTP/1.1" 301 0
INFO 2021-06-08 15:50:40,810 basehttp 161 "GET /api/v1/cron/contests/?210608035040792 HTTP/1.1" 200 10
INFO 2021-06-08 15:51:23,024 basehttp 161 "GET /api/v1/problems/ HTTP/1.1" 200 11662
INFO 2021-06-08 15:51:23,051 basehttp 161 "GET /api/v1/problems/?page=1&page_size=10&ordering=id&alg=&ds=&firm=&header= HTTP/1.1" 200 7850
INFO 2021-06-08 15:51:23,054 basehttp 161 "GET /api/v1/problems/?page_size=9007199254740991 HTTP/1.1" 200 15391
INFO 2021-06-08 15:51:23,061 basehttp 161 "GET /api/v1/contests/ HTTP/1.1" 200 498
INFO 2021-06-08 15:51:23,979 basehttp 161 "GET /api/v1/problems/ HTTP/1.1" 200 11662
INFO 2021-06-08 15:51:23,985 basehttp 75 - Broken pipe from ('127.0.0.1', 60938)

INFO 2021-06-08 15:51:23,989 basehttp 161 "GET /api/v1/contests/ HTTP/1.1" 200 498
INFO 2021-06-08 15:51:24,018 basehttp 161 "GET /api/v1/forums/?page=1&page_size=5&ordering=-publish_date&from=all HTTP/1.1" 200 1777
INFO 2021-06-08 15:51:24,912 basehttp 161 "GET /api/v1/problems/ HTTP/1.1" 200 11662
INFO 2021-06-08 15:51:24,923 basehttp 161 "GET /api/v1/contests/ HTTP/1.1" 200 498
INFO 2021-06-08 15:51:24,923 basehttp 161 "GET /api/v1/contests/?page=1&page_size=20&ordering=id&status=sign HTTP/1.1" 200 498
INFO 2021-06-08 15:51:25,963 basehttp 161 "GET /api/v1/problems/?page=1&page_size=10&ordering=id&alg=&ds=&firm=&header= HTTP/1.1" 200 7850
INFO 2021-06-08 15:51:25,974 basehttp 161 "GET /api/v1/problems/ HTTP/1.1" 200 11662
INFO 2021-06-08 15:51:25,978 basehttp 75 - Broken pipe from ('127.0.0.1', 62809)

INFO 2021-06-08 15:51:25,989 basehttp 161 "GET /api/v1/problems/?page_size=9007199254740991 HTTP/1.1" 200 15391
INFO 2021-06-08 15:51:25,994 basehttp 161 "GET /api/v1/contests/ HTTP/1.1" 200 498
INFO 2021-06-08 15:51:40,812 basehttp 161 "GET /api/v1/cron/contests?210608035140811 HTTP/1.1" 301 0
INFO 2021-06-08 15:51:40,821 basehttp 161 "GET /api/v1/cron/contests/?210608035140811 HTTP/1.1" 200 10
INFO 2021-06-08 15:52:00,779 basehttp 75 - Broken pipe from ('127.0.0.1', 56880)

INFO 2021-06-08 15:52:12,631 autoreload 636 Watching for file changes with StatReloader
INFO 2021-06-08 15:52:38,727 autoreload 250 E:\1a.毕设\ojSys\celery_tasks\main.py changed, reloading.
INFO 2021-06-08 15:52:39,285 autoreload 636 Watching for file changes with StatReloader
INFO 2021-06-08 15:53:31,901 autoreload 250 E:\1a.毕设\ojSys\config.py changed, reloading.
INFO 2021-06-08 15:53:32,526 autoreload 636 Watching for file changes with StatReloader
INFO 2021-06-08 15:53:50,189 autoreload 250 E:\1a.毕设\ojSys\celery_tasks\main.py changed, reloading.
INFO 2021-06-08 15:53:50,787 autoreload 636 Watching for file changes with StatReloader
INFO 2021-06-08 15:54:16,902 autoreload 250 E:\1a.毕设\ojSys\config.py changed, reloading.
INFO 2021-06-08 15:54:17,482 autoreload 636 Watching for file changes with StatReloader
INFO 2021-06-08 15:59:04,853 autoreload 250 E:\1a.毕设\ojSys\server\settings.py changed, reloading.
INFO 2021-06-08 15:59:05,420 autoreload 636 Watching for file changes with StatReloader
INFO 2021-06-08 15:59:07,409 basehttp 161 "GET /api/v1/problems/?page=1&page_size=10&ordering=id&alg=&ds=&firm=&header= HTTP/1.1" 200 7850
INFO 2021-06-08 15:59:07,428 basehttp 161 "GET /api/v1/problems/ HTTP/1.1" 200 11662
INFO 2021-06-08 15:59:07,446 basehttp 161 "GET /api/v1/problems/?page_size=9007199254740991 HTTP/1.1" 200 15391
INFO 2021-06-08 15:59:07,454 basehttp 161 "GET /api/v1/contests/ HTTP/1.1" 200 498
INFO 2021-06-08 15:59:16,777 basehttp 161 "GET /api/v1/problems/?page=1&page_size=10&ordering=id&alg=&ds=&firm=&header= HTTP/1.1" 200 7850
INFO 2021-06-08 15:59:16,777 basehttp 161 "GET /api/v1/problems/?page_size=9007199254740991 HTTP/1.1" 200 15391
INFO 2021-06-08 15:59:16,794 basehttp 161 "GET /api/v1/problems/ HTTP/1.1" 200 11662
INFO 2021-06-08 15:59:16,802 basehttp 161 "GET /api/v1/contests/ HTTP/1.1" 200 498
INFO 2021-06-08 15:59:17,853 basehttp 161 "GET /api/v1/problems/?page=1&page_size=10&ordering=id&alg=&ds=&firm=&header= HTTP/1.1" 200 7850
INFO 2021-06-08 15:59:17,867 basehttp 161 "GET /api/v1/problems/ HTTP/1.1" 200 11662
INFO 2021-06-08 15:59:17,878 basehttp 161 "GET /api/v1/problems/?page_size=9007199254740991 HTTP/1.1" 200 15391
INFO 2021-06-08 15:59:17,886 basehttp 161 "GET /api/v1/contests/ HTTP/1.1" 200 498
INFO 2021-06-08 16:00:26,037 basehttp 161 "GET /api/v1/problems/ HTTP/1.1" 200 11662
INFO 2021-06-08 16:00:26,043 basehttp 161 "GET /api/v1/problems/1 HTTP/1.1" 200 1102
INFO 2021-06-08 16:00:26,047 basehttp 161 "GET /api/v1/contests/ HTTP/1.1" 200 498
INFO 2021-06-08 16:00:27,916 basehttp 75 - Broken pipe from ('127.0.0.1', 62766)

INFO 2021-06-08 16:00:27,933 basehttp 75 - Broken pipe from ('127.0.0.1', 56743)

INFO 2021-06-08 16:00:27,949 basehttp 75 - Broken pipe from ('127.0.0.1', 49817)

INFO 2021-06-08 16:00:27,955 basehttp 75 - Broken pipe from ('127.0.0.1', 50936)

INFO 2021-06-08 16:00:28,258 basehttp 161 "GET /api/v1/problems/?page=1&page_size=10&ordering=id&alg=&ds=&firm=&header= HTTP/1.1" 200 7850
INFO 2021-06-08 16:00:28,278 basehttp 161 "GET /api/v1/problems/ HTTP/1.1" 200 11662
INFO 2021-06-08 16:00:28,298 basehttp 161 "GET /api/v1/problems/?page_size=9007199254740991 HTTP/1.1" 200 15391
INFO 2021-06-08 16:00:28,306 basehttp 161 "GET /api/v1/contests/ HTTP/1.1" 200 498
INFO 2021-06-08 16:00:29,344 basehttp 161 "GET /api/v1/problems/2 HTTP/1.1" 200 1075
INFO 2021-06-08 16:00:29,349 basehttp 161 "GET /api/v1/problems/ HTTP/1.1" 200 11662
INFO 2021-06-08 16:00:29,355 basehttp 161 "GET /api/v1/contests/ HTTP/1.1" 200 498
INFO 2021-06-08 16:00:31,142 basehttp 75 - Broken pipe from ('127.0.0.1', 55694)

INFO 2021-06-08 16:00:31,145 basehttp 75 - Broken pipe from ('127.0.0.1', 60640)

INFO 2021-06-08 16:00:31,162 basehttp 75 - Broken pipe from ('127.0.0.1', 59685)

INFO 2021-06-08 16:00:31,173 basehttp 75 - Broken pipe from ('127.0.0.1', 51556)

INFO 2021-06-08 16:00:31,487 basehttp 161 "GET /api/v1/problems/ HTTP/1.1" 200 11662
INFO 2021-06-08 16:00:31,494 basehttp 161 "GET /api/v1/problems/?page_size=9007199254740991 HTTP/1.1" 200 15391
INFO 2021-06-08 16:00:31,505 basehttp 161 "GET /api/v1/problems/?page=1&page_size=10&ordering=id&alg=&ds=&firm=&header= HTTP/1.1" 200 7850
INFO 2021-06-08 16:00:31,513 basehttp 161 "GET /api/v1/contests/ HTTP/1.1" 200 498
INFO 2021-06-08 16:00:32,650 basehttp 161 "GET /api/v1/problems/3 HTTP/1.1" 200 1592
INFO 2021-06-08 16:00:32,669 basehttp 161 "GET /api/v1/problems/ HTTP/1.1" 200 11662
INFO 2021-06-08 16:00:32,672 basehttp 161 "GET /api/v1/contests/ HTTP/1.1" 200 498
INFO 2021-06-08 16:00:34,618 basehttp 75 - Broken pipe from ('127.0.0.1', 52635)

INFO 2021-06-08 16:00:34,625 basehttp 75 - Broken pipe from ('127.0.0.1', 50954)

INFO 2021-06-08 16:00:34,645 basehttp 75 - Broken pipe from ('127.0.0.1', 53753)

INFO 2021-06-08 16:00:34,654 basehttp 75 - Broken pipe from ('127.0.0.1', 54941)

INFO 2021-06-08 16:00:34,952 basehttp 161 "GET /api/v1/problems/ HTTP/1.1" 200 11662
INFO 2021-06-08 16:00:34,955 basehttp 161 "GET /api/v1/problems/?page=1&page_size=10&ordering=id&alg=&ds=&firm=&header= HTTP/1.1" 200 7850
INFO 2021-06-08 16:00:34,973 basehttp 161 "GET /api/v1/problems/?page_size=9007199254740991 HTTP/1.1" 200 15391
INFO 2021-06-08 16:00:34,973 basehttp 161 "GET /api/v1/contests/ HTTP/1.1" 200 498
INFO 2021-06-08 16:01:38,594 autoreload 250 E:\1a.毕设\ojSys\server\settings.py changed, reloading.
INFO 2021-06-08 16:01:39,168 autoreload 636 Watching for file changes with StatReloader
INFO 2021-06-08 16:01:42,195 basehttp 161 "GET /api/v1/problems/?page=1&page_size=10&ordering=id&alg=&ds=&firm=&header= HTTP/1.1" 200 7850
INFO 2021-06-08 16:01:42,209 basehttp 161 "GET /api/v1/problems/ HTTP/1.1" 200 11662
INFO 2021-06-08 16:01:42,226 basehttp 161 "GET /api/v1/contests/ HTTP/1.1" 200 498
INFO 2021-06-08 16:01:42,242 basehttp 161 "GET /api/v1/problems/?page_size=9007199254740991 HTTP/1.1" 200 15391
INFO 2021-06-08 16:01:43,683 basehttp 161 "GET /api/v1/problems/?page=1&page_size=10&ordering=id&alg=&ds=&firm=&header= HTTP/1.1" 200 7850
INFO 2021-06-08 16:01:43,702 basehttp 161 "GET /api/v1/problems/ HTTP/1.1" 200 11662
INFO 2021-06-08 16:01:43,703 basehttp 161 "GET /api/v1/problems/?page_size=9007199254740991 HTTP/1.1" 200 15391
INFO 2021-06-08 16:01:43,720 basehttp 161 "GET /api/v1/contests/ HTTP/1.1" 200 498
INFO 2021-06-08 16:04:26,954 basehttp 161 "GET /api/v1/problems/ HTTP/1.1" 200 11662
INFO 2021-06-08 16:04:26,959 basehttp 161 "GET /api/v1/contests/ HTTP/1.1" 200 498
INFO 2021-06-08 16:04:36,546 basehttp 161 "OPTIONS /api-token-auth/ HTTP/1.1" 200 0
ERROR 2021-06-08 16:04:36,946 log 224 Internal Server Error: /api-token-auth/
Traceback (most recent call last):
  File "E:\1a.毕设\ojSys\venv\lib\site-packages\django\core\handlers\exception.py", line 47, in inner
    response = get_response(request)
  File "E:\1a.毕设\ojSys\venv\lib\site-packages\django\core\handlers\base.py", line 181, in _get_response
    response = wrapped_callback(request, *callback_args, **callback_kwargs)
  File "E:\1a.毕设\ojSys\venv\lib\site-packages\django\views\decorators\csrf.py", line 54, in wrapped_view
    return view_func(*args, **kwargs)
  File "E:\1a.毕设\ojSys\venv\lib\site-packages\django\views\generic\base.py", line 70, in view
    return self.dispatch(request, *args, **kwargs)
  File "E:\1a.毕设\ojSys\venv\lib\site-packages\rest_framework\views.py", line 509, in dispatch
    response = self.handle_exception(exc)
  File "E:\1a.毕设\ojSys\venv\lib\site-packages\rest_framework\views.py", line 469, in handle_exception
    self.raise_uncaught_exception(exc)
  File "E:\1a.毕设\ojSys\venv\lib\site-packages\rest_framework\views.py", line 480, in raise_uncaught_exception
    raise exc
  File "E:\1a.毕设\ojSys\venv\lib\site-packages\rest_framework\views.py", line 506, in dispatch
    response = handler(request, *args, **kwargs)
  File "E:\1a.毕设\ojSys\venv\lib\site-packages\rest_framework_jwt\views.py", line 57, in post
    if serializer.is_valid():
  File "E:\1a.毕设\ojSys\venv\lib\site-packages\rest_framework\serializers.py", line 220, in is_valid
    self._validated_data = self.run_validation(self.initial_data)
  File "E:\1a.毕设\ojSys\venv\lib\site-packages\rest_framework\serializers.py", line 422, in run_validation
    value = self.validate(value)
  File "E:\1a.毕设\ojSys\venv\lib\site-packages\rest_framework_jwt\serializers.py", line 57, in validate
    payload = jwt_payload_handler(user)
  File "E:\1a.毕设\ojSys\venv\lib\site-packages\rest_framework_jwt\utils.py", line 45, in jwt_payload_handler
    'exp': datetime.utcnow() + api_settings.JWT_EXPIRATION_DELTA
TypeError: unsupported operand type(s) for +: 'datetime.datetime' and 'tuple'
ERROR 2021-06-08 16:04:36,952 basehttp 161 "POST /api-token-auth/ HTTP/1.1" 500 111378
WARNING 2021-06-08 16:04:46,209 log 224 Bad Request: /api-token-auth/
WARNING 2021-06-08 16:04:46,210 basehttp 161 "POST /api-token-auth/ HTTP/1.1" 400 67
WARNING 2021-06-08 16:04:52,608 log 224 Bad Request: /api-token-auth/
WARNING 2021-06-08 16:04:52,609 basehttp 161 "POST /api-token-auth/ HTTP/1.1" 400 67
WARNING 2021-06-08 16:04:58,960 log 224 Bad Request: /api-token-auth/
WARNING 2021-06-08 16:04:58,961 basehttp 161 "POST /api-token-auth/ HTTP/1.1" 400 67
ERROR 2021-06-08 16:05:05,705 log 224 Internal Server Error: /api-token-auth/
Traceback (most recent call last):
  File "E:\1a.毕设\ojSys\venv\lib\site-packages\django\core\handlers\exception.py", line 47, in inner
    response = get_response(request)
  File "E:\1a.毕设\ojSys\venv\lib\site-packages\django\core\handlers\base.py", line 181, in _get_response
    response = wrapped_callback(request, *callback_args, **callback_kwargs)
  File "E:\1a.毕设\ojSys\venv\lib\site-packages\django\views\decorators\csrf.py", line 54, in wrapped_view
    return view_func(*args, **kwargs)
  File "E:\1a.毕设\ojSys\venv\lib\site-packages\django\views\generic\base.py", line 70, in view
    return self.dispatch(request, *args, **kwargs)
  File "E:\1a.毕设\ojSys\venv\lib\site-packages\rest_framework\views.py", line 509, in dispatch
    response = self.handle_exception(exc)
  File "E:\1a.毕设\ojSys\venv\lib\site-packages\rest_framework\views.py", line 469, in handle_exception
    self.raise_uncaught_exception(exc)
  File "E:\1a.毕设\ojSys\venv\lib\site-packages\rest_framework\views.py", line 480, in raise_uncaught_exception
    raise exc
  File "E:\1a.毕设\ojSys\venv\lib\site-packages\rest_framework\views.py", line 506, in dispatch
    response = handler(request, *args, **kwargs)
  File "E:\1a.毕设\ojSys\venv\lib\site-packages\rest_framework_jwt\views.py", line 57, in post
    if serializer.is_valid():
  File "E:\1a.毕设\ojSys\venv\lib\site-packages\rest_framework\serializers.py", line 220, in is_valid
    self._validated_data = self.run_validation(self.initial_data)
  File "E:\1a.毕设\ojSys\venv\lib\site-packages\rest_framework\serializers.py", line 422, in run_validation
    value = self.validate(value)
  File "E:\1a.毕设\ojSys\venv\lib\site-packages\rest_framework_jwt\serializers.py", line 57, in validate
    payload = jwt_payload_handler(user)
  File "E:\1a.毕设\ojSys\venv\lib\site-packages\rest_framework_jwt\utils.py", line 45, in jwt_payload_handler
    'exp': datetime.utcnow() + api_settings.JWT_EXPIRATION_DELTA
TypeError: unsupported operand type(s) for +: 'datetime.datetime' and 'tuple'
ERROR 2021-06-08 16:05:05,710 basehttp 161 "POST /api-token-auth/ HTTP/1.1" 500 111378
ERROR 2021-06-08 16:05:06,802 log 224 Internal Server Error: /api-token-auth/
Traceback (most recent call last):
  File "E:\1a.毕设\ojSys\venv\lib\site-packages\django\core\handlers\exception.py", line 47, in inner
    response = get_response(request)
  File "E:\1a.毕设\ojSys\venv\lib\site-packages\django\core\handlers\base.py", line 181, in _get_response
    response = wrapped_callback(request, *callback_args, **callback_kwargs)
  File "E:\1a.毕设\ojSys\venv\lib\site-packages\django\views\decorators\csrf.py", line 54, in wrapped_view
    return view_func(*args, **kwargs)
  File "E:\1a.毕设\ojSys\venv\lib\site-packages\django\views\generic\base.py", line 70, in view
    return self.dispatch(request, *args, **kwargs)
  File "E:\1a.毕设\ojSys\venv\lib\site-packages\rest_framework\views.py", line 509, in dispatch
    response = self.handle_exception(exc)
  File "E:\1a.毕设\ojSys\venv\lib\site-packages\rest_framework\views.py", line 469, in handle_exception
    self.raise_uncaught_exception(exc)
  File "E:\1a.毕设\ojSys\venv\lib\site-packages\rest_framework\views.py", line 480, in raise_uncaught_exception
    raise exc
  File "E:\1a.毕设\ojSys\venv\lib\site-packages\rest_framework\views.py", line 506, in dispatch
    response = handler(request, *args, **kwargs)
  File "E:\1a.毕设\ojSys\venv\lib\site-packages\rest_framework_jwt\views.py", line 57, in post
    if serializer.is_valid():
  File "E:\1a.毕设\ojSys\venv\lib\site-packages\rest_framework\serializers.py", line 220, in is_valid
    self._validated_data = self.run_validation(self.initial_data)
  File "E:\1a.毕设\ojSys\venv\lib\site-packages\rest_framework\serializers.py", line 422, in run_validation
    value = self.validate(value)
  File "E:\1a.毕设\ojSys\venv\lib\site-packages\rest_framework_jwt\serializers.py", line 57, in validate
    payload = jwt_payload_handler(user)
  File "E:\1a.毕设\ojSys\venv\lib\site-packages\rest_framework_jwt\utils.py", line 45, in jwt_payload_handler
    'exp': datetime.utcnow() + api_settings.JWT_EXPIRATION_DELTA
TypeError: unsupported operand type(s) for +: 'datetime.datetime' and 'tuple'
ERROR 2021-06-08 16:05:06,806 basehttp 161 "POST /api-token-auth/ HTTP/1.1" 500 111378
INFO 2021-06-08 16:06:03,635 autoreload 250 E:\1a.毕设\ojSys\server\settings.py changed, reloading.
INFO 2021-06-08 16:06:42,687 autoreload 636 Watching for file changes with StatReloader
INFO 2021-06-08 16:06:44,675 basehttp 161 "POST /api-token-auth/ HTTP/1.1" 200 231
INFO 2021-06-08 16:06:44,987 basehttp 161 "OPTIONS /api/v1/user/ HTTP/1.1" 200 0
INFO 2021-06-08 16:06:45,036 basehttp 161 "GET /api/v1/problems/ HTTP/1.1" 200 11662
INFO 2021-06-08 16:06:45,053 basehttp 161 "GET /api/v1/contests/ HTTP/1.1" 200 498
INFO 2021-06-08 16:06:45,077 basehttp 161 "GET /api/v1/user/ HTTP/1.1" 200 761
INFO 2021-06-08 16:06:45,110 basehttp 161 "GET /api/v1/user/ HTTP/1.1" 200 761
INFO 2021-06-08 16:06:51,983 autoreload 250 E:\1a.毕设\ojSys\server\settings.py changed, reloading.
INFO 2021-06-08 16:06:52,677 autoreload 636 Watching for file changes with StatReloader
INFO 2021-06-08 16:06:53,703 basehttp 161 "GET /api/v1/problems/ HTTP/1.1" 200 11662
INFO 2021-06-08 16:06:53,718 basehttp 161 "GET /api/v1/contests/ HTTP/1.1" 200 498
INFO 2021-06-08 16:06:53,725 basehttp 161 "GET /api/v1/user/ HTTP/1.1" 200 761
INFO 2021-06-08 16:06:55,799 basehttp 161 "GET /api/v1/problems/ HTTP/1.1" 200 11662
INFO 2021-06-08 16:06:55,807 basehttp 161 "GET /api/v1/contests/ HTTP/1.1" 200 498
WARNING 2021-06-08 16:07:00,938 log 224 Bad Request: /api-token-auth/
WARNING 2021-06-08 16:07:00,939 basehttp 161 "POST /api-token-auth/ HTTP/1.1" 400 67
INFO 2021-06-08 16:07:20,016 autoreload 250 E:\1a.毕设\ojSys\config.py changed, reloading.
INFO 2021-06-08 16:07:37,589 autoreload 636 Watching for file changes with StatReloader
WARNING 2021-06-08 16:07:39,200 log 224 Bad Request: /api-token-auth/
WARNING 2021-06-08 16:07:39,201 basehttp 161 "POST /api-token-auth/ HTTP/1.1" 400 67
INFO 2021-06-08 16:07:41,152 basehttp 161 "GET /api/v1/problems/ HTTP/1.1" 200 11662
INFO 2021-06-08 16:07:41,160 basehttp 161 "GET /api/v1/contests/ HTTP/1.1" 200 498
WARNING 2021-06-08 16:07:46,793 log 224 Bad Request: /api-token-auth/
WARNING 2021-06-08 16:07:46,793 basehttp 161 "POST /api-token-auth/ HTTP/1.1" 400 67
INFO 2021-06-08 16:08:23,125 autoreload 250 E:\1a.毕设\ojSys\server\settings.py changed, reloading.
INFO 2021-06-08 16:08:23,676 autoreload 636 Watching for file changes with StatReloader
WARNING 2021-06-08 16:08:27,666 log 224 Bad Request: /api-token-auth/
WARNING 2021-06-08 16:08:27,667 basehttp 161 "POST /api-token-auth/ HTTP/1.1" 400 67
WARNING 2021-06-08 16:08:28,586 log 224 Bad Request: /api-token-auth/
WARNING 2021-06-08 16:08:28,586 basehttp 161 "POST /api-token-auth/ HTTP/1.1" 400 67
INFO 2021-06-08 16:10:17,532 autoreload 250 E:\1a.毕设\ojSys\server\settings.py changed, reloading.
INFO 2021-06-08 16:10:18,102 autoreload 636 Watching for file changes with StatReloader
WARNING 2021-06-08 16:10:35,598 log 224 Bad Request: /api-token-auth/
WARNING 2021-06-08 16:10:35,599 basehttp 161 "POST /api-token-auth/ HTTP/1.1" 400 67
INFO 2021-06-08 16:10:40,122 autoreload 250 E:\1a.毕设\ojSys\server\settings.py changed, reloading.
INFO 2021-06-08 16:10:40,765 autoreload 636 Watching for file changes with StatReloader
WARNING 2021-06-08 16:10:41,460 log 224 Bad Request: /api-token-auth/
WARNING 2021-06-08 16:10:41,460 basehttp 161 "POST /api-token-auth/ HTTP/1.1" 400 67
WARNING 2021-06-08 16:10:42,576 log 224 Bad Request: /api-token-auth/
WARNING 2021-06-08 16:10:42,577 basehttp 161 "POST /api-token-auth/ HTTP/1.1" 400 67
INFO 2021-06-08 16:11:02,655 autoreload 250 E:\1a.毕设\ojSys\server\settings.py changed, reloading.
INFO 2021-06-08 16:11:03,230 autoreload 636 Watching for file changes with StatReloader
WARNING 2021-06-08 16:11:05,102 log 224 Bad Request: /api-token-auth/
WARNING 2021-06-08 16:11:05,103 basehttp 161 "POST /api-token-auth/ HTTP/1.1" 400 67
WARNING 2021-06-08 16:11:08,145 log 224 Bad Request: /api-token-auth/
WARNING 2021-06-08 16:11:08,146 basehttp 161 "POST /api-token-auth/ HTTP/1.1" 400 67
WARNING 2021-06-08 16:11:14,210 log 224 Bad Request: /api-token-auth/
WARNING 2021-06-08 16:11:14,210 basehttp 161 "POST /api-token-auth/ HTTP/1.1" 400 67
WARNING 2021-06-08 16:11:16,561 log 224 Bad Request: /api-token-auth/
WARNING 2021-06-08 16:11:16,562 basehttp 161 "POST /api-token-auth/ HTTP/1.1" 400 67
INFO 2021-06-08 16:11:22,849 basehttp 161 "POST /api-token-auth/ HTTP/1.1" 200 231
INFO 2021-06-08 16:11:23,207 basehttp 161 "GET /api/v1/problems/ HTTP/1.1" 200 11662
INFO 2021-06-08 16:11:23,210 basehttp 161 "GET /api/v1/user/ HTTP/1.1" 200 761
INFO 2021-06-08 16:11:23,238 basehttp 161 "GET /api/v1/contests/ HTTP/1.1" 200 498
INFO 2021-06-08 16:11:23,260 basehttp 161 "GET /api/v1/user/ HTTP/1.1" 200 761
INFO 2021-06-08 16:11:29,653 autoreload 250 E:\1a.毕设\ojSys\server\settings.py changed, reloading.
INFO 2021-06-08 16:11:30,225 autoreload 636 Watching for file changes with StatReloader
INFO 2021-06-08 16:11:34,371 basehttp 161 "GET /api/v1/contests/ HTTP/1.1" 200 498
INFO 2021-06-08 16:11:34,385 basehttp 161 "GET /api/v1/problems/ HTTP/1.1" 200 11662
INFO 2021-06-08 16:11:39,244 basehttp 161 "POST /api-token-auth/ HTTP/1.1" 200 231
INFO 2021-06-08 16:11:39,586 basehttp 161 "GET /api/v1/problems/ HTTP/1.1" 200 11662
INFO 2021-06-08 16:11:39,589 basehttp 161 "GET /api/v1/user/ HTTP/1.1" 200 761
INFO 2021-06-08 16:11:39,609 basehttp 161 "GET /api/v1/contests/ HTTP/1.1" 200 498
INFO 2021-06-08 16:11:39,631 basehttp 161 "GET /api/v1/user/ HTTP/1.1" 200 761
INFO 2021-06-08 16:11:49,280 basehttp 161 "GET /api/v1/user/ HTTP/1.1" 200 761
INFO 2021-06-08 16:11:51,171 basehttp 161 "GET /api/v1/problems/ HTTP/1.1" 200 11662
INFO 2021-06-08 16:11:51,191 basehttp 161 "GET /api/v1/contests/ HTTP/1.1" 200 498
INFO 2021-06-08 16:11:51,199 basehttp 161 "GET /api/v1/user/ HTTP/1.1" 200 761
INFO 2021-06-08 16:11:51,214 basehttp 161 "GET /api/v1/forums/?page=1&page_size=5&ordering=-publish_date&from=all HTTP/1.1" 200 1777
INFO 2021-06-08 16:11:51,234 basehttp 161 "GET /api/v1/user/ HTTP/1.1" 200 761
INFO 2021-06-08 16:12:31,285 basehttp 161 "GET /api/v1/problems/ HTTP/1.1" 200 11662
INFO 2021-06-08 16:12:31,285 basehttp 161 "GET /api/v1/problems/?page=1&page_size=10&ordering=id&alg=&ds=&firm=&header= HTTP/1.1" 200 7850
INFO 2021-06-08 16:12:31,302 basehttp 161 "GET /api/v1/problems/?page_size=9007199254740991 HTTP/1.1" 200 15391
INFO 2021-06-08 16:12:31,312 basehttp 161 "GET /api/v1/contests/ HTTP/1.1" 200 498
INFO 2021-06-08 16:12:31,313 basehttp 161 "GET /api/v1/user/ HTTP/1.1" 200 761
INFO 2021-06-08 16:12:46,424 basehttp 161 "GET /api/v1/user/ HTTP/1.1" 200 761
INFO 2021-06-08 16:12:46,487 basehttp 161 "GET /api/v1/problems/?page=1&page_size=10&ordering=id&alg=&ds=&firm=&header= HTTP/1.1" 200 7850
INFO 2021-06-08 16:12:46,499 basehttp 161 "GET /api/v1/problems/?page_size=9007199254740991 HTTP/1.1" 200 15391
INFO 2021-06-08 16:12:46,524 basehttp 161 "GET /api/v1/problems/ HTTP/1.1" 200 11662
INFO 2021-06-08 16:12:46,541 basehttp 161 "GET /api/v1/contests/ HTTP/1.1" 200 498
INFO 2021-06-08 16:12:46,551 basehttp 161 "GET /api/v1/user/ HTTP/1.1" 200 761
INFO 2021-06-08 16:12:48,126 basehttp 161 "GET /api/v1/problems/ HTTP/1.1" 200 11662
INFO 2021-06-08 16:12:48,138 basehttp 161 "GET /api/v1/contests/?page=1&page_size=20&ordering=id&status=sign&uid=2 HTTP/1.1" 200 498
INFO 2021-06-08 16:12:48,140 basehttp 161 "GET /api/v1/contests/ HTTP/1.1" 200 498
INFO 2021-06-08 16:12:49,686 basehttp 161 "GET /api/v1/user/ HTTP/1.1" 200 761
INFO 2021-06-08 16:12:49,720 basehttp 161 "GET /api/v1/problems/ HTTP/1.1" 200 11662
INFO 2021-06-08 16:12:49,734 basehttp 161 "GET /api/v1/contests/?page=1&page_size=20&ordering=id&status=sign&uid=2 HTTP/1.1" 200 498
INFO 2021-06-08 16:12:49,738 basehttp 161 "GET /api/v1/contests/ HTTP/1.1" 200 498
INFO 2021-06-08 16:12:50,874 basehttp 161 "GET /api/v1/problems/ HTTP/1.1" 200 11662
INFO 2021-06-08 16:12:50,889 basehttp 161 "GET /api/v1/contests/ HTTP/1.1" 200 498
INFO 2021-06-08 16:12:50,899 basehttp 161 "GET /api/v1/user/ HTTP/1.1" 200 761
INFO 2021-06-08 16:12:50,920 basehttp 161 "GET /api/v1/forums/?page=1&page_size=5&ordering=-publish_date&from=all HTTP/1.1" 200 1777
INFO 2021-06-08 16:12:50,925 basehttp 161 "GET /api/v1/user/ HTTP/1.1" 200 761
INFO 2021-06-08 16:12:51,985 basehttp 161 "GET /api/v1/problems/ HTTP/1.1" 200 11662
INFO 2021-06-08 16:12:51,985 basehttp 161 "GET /api/v1/forums/18 HTTP/1.1" 200 282
INFO 2021-06-08 16:12:51,997 basehttp 161 "GET /api/v1/contests/ HTTP/1.1" 200 498
INFO 2021-06-08 16:12:52,004 basehttp 161 "GET /api/v1/user/ HTTP/1.1" 200 761
INFO 2021-06-08 16:12:53,010 basehttp 161 "GET /api/v1/problems/ HTTP/1.1" 200 11662
INFO 2021-06-08 16:12:53,017 basehttp 161 "GET /api/v1/contests/?page=1&page_size=20&ordering=id&status=sign&uid=2 HTTP/1.1" 200 498
INFO 2021-06-08 16:12:53,017 basehttp 161 "GET /api/v1/contests/ HTTP/1.1" 200 498
INFO 2021-06-08 16:12:53,501 basehttp 161 "GET /api/v1/problems/ HTTP/1.1" 200 11662
INFO 2021-06-08 16:12:53,525 basehttp 161 "GET /api/v1/contests/ HTTP/1.1" 200 498
INFO 2021-06-08 16:12:53,528 basehttp 161 "GET /api/v1/user/ HTTP/1.1" 200 761
INFO 2021-06-08 16:12:53,550 basehttp 161 "GET /api/v1/forums/?page=1&page_size=5&ordering=-publish_date&from=all HTTP/1.1" 200 1777
INFO 2021-06-08 16:12:53,562 basehttp 161 "GET /api/v1/user/ HTTP/1.1" 200 761
INFO 2021-06-08 16:12:54,288 basehttp 161 "GET /api/v1/user/ HTTP/1.1" 200 761
INFO 2021-06-08 16:13:06,542 basehttp 161 "GET /api/v1/problems/ HTTP/1.1" 200 11662
INFO 2021-06-08 16:13:06,566 basehttp 161 "GET /api/v1/contests/ HTTP/1.1" 200 498
INFO 2021-06-08 16:13:06,570 basehttp 161 "GET /api/v1/user/ HTTP/1.1" 200 761
INFO 2021-06-08 16:13:06,587 basehttp 161 "GET /api/v1/forums/?page=1&page_size=5&ordering=-publish_date&from=all HTTP/1.1" 200 1777
INFO 2021-06-08 16:13:06,601 basehttp 161 "GET /api/v1/user/ HTTP/1.1" 200 761
INFO 2021-06-08 16:13:07,515 basehttp 161 "GET /api/v1/user/ HTTP/1.1" 200 761
INFO 2021-06-08 16:13:09,236 basehttp 161 "GET /api/v1/problems/ HTTP/1.1" 200 11662
INFO 2021-06-08 16:13:09,247 basehttp 161 "GET /api/v1/contests/ HTTP/1.1" 200 498
INFO 2021-06-08 16:13:09,247 basehttp 161 "GET /api/v1/contests/?page=1&page_size=20&ordering=id&status=sign&uid=2 HTTP/1.1" 200 498
INFO 2021-06-08 16:13:10,668 basehttp 161 "OPTIONS /api/v1/contest/7/sign/ HTTP/1.1" 200 0
INFO 2021-06-08 16:13:10,703 basehttp 161 "GET /api/v1/problems/ HTTP/1.1" 200 11662
INFO 2021-06-08 16:13:10,720 basehttp 161 "POST /api/v1/contest/7/sign/ HTTP/1.1" 200 11
INFO 2021-06-08 16:13:10,722 basehttp 161 "GET /api/v1/contests/ HTTP/1.1" 200 498
INFO 2021-06-08 16:13:10,725 basehttp 161 "GET /api/v1/contests/7 HTTP/1.1" 200 446
INFO 2021-06-08 16:13:10,728 basehttp 161 "GET /api/v1/user/ HTTP/1.1" 200 761
INFO 2021-06-08 16:13:12,263 basehttp 161 "GET /api/v1/problems/ HTTP/1.1" 200 11662
INFO 2021-06-08 16:13:12,279 basehttp 161 "GET /api/v1/contests/?page=1&page_size=20&ordering=id&status=sign&uid=2 HTTP/1.1" 200 498
INFO 2021-06-08 16:13:12,280 basehttp 161 "GET /api/v1/contests/ HTTP/1.1" 200 498
INFO 2021-06-08 16:13:13,223 basehttp 161 "GET /api/v1/contests/?page=1&page_size=20&ordering=id&status=start&uid=2 HTTP/1.1" 200 52
INFO 2021-06-08 16:13:16,858 basehttp 161 "GET /api/v1/problems/ HTTP/1.1" 200 11662
INFO 2021-06-08 16:13:16,871 basehttp 161 "GET /api/v1/contests/ HTTP/1.1" 200 498
INFO 2021-06-08 16:13:20,980 basehttp 161 "GET /api/v1/problems/ HTTP/1.1" 200 11662
INFO 2021-06-08 16:13:20,988 basehttp 161 "GET /api/v1/contests/ HTTP/1.1" 200 498
INFO 2021-06-08 16:13:22,683 basehttp 161 "GET /api/v1/problems/?page=1&page_size=10&ordering=id&alg=&ds=&firm=&header= HTTP/1.1" 200 7850
INFO 2021-06-08 16:13:22,696 basehttp 161 "GET /api/v1/problems/?page_size=9007199254740991 HTTP/1.1" 200 15391
INFO 2021-06-08 16:13:22,703 basehttp 161 "GET /api/v1/problems/ HTTP/1.1" 200 11662
INFO 2021-06-08 16:13:22,710 basehttp 161 "GET /api/v1/contests/ HTTP/1.1" 200 498
INFO 2021-06-08 16:13:30,744 basehttp 161 "GET /api/v1/problems/ HTTP/1.1" 200 11662
INFO 2021-06-08 16:13:30,762 basehttp 161 "GET /api/v1/contests/?page=1&page_size=20&ordering=id&status=sign HTTP/1.1" 200 498
INFO 2021-06-08 16:13:30,764 basehttp 161 "GET /api/v1/contests/ HTTP/1.1" 200 498
ERROR 2021-06-08 16:13:31,914 log 224 Internal Server Error: /api/v1/contests/
Traceback (most recent call last):
  File "E:\1a.毕设\ojSys\venv\lib\site-packages\django\utils\datastructures.py", line 76, in __getitem__
    list_ = super().__getitem__(key)
KeyError: 'uid'

During handling of the above exception, another exception occurred:

Traceback (most recent call last):
  File "E:\1a.毕设\ojSys\venv\lib\site-packages\django\core\handlers\exception.py", line 47, in inner
    response = get_response(request)
  File "E:\1a.毕设\ojSys\venv\lib\site-packages\django\core\handlers\base.py", line 181, in _get_response
    response = wrapped_callback(request, *callback_args, **callback_kwargs)
  File "E:\1a.毕设\ojSys\venv\lib\site-packages\django\views\decorators\csrf.py", line 54, in wrapped_view
    return view_func(*args, **kwargs)
  File "E:\1a.毕设\ojSys\venv\lib\site-packages\django\views\generic\base.py", line 70, in view
    return self.dispatch(request, *args, **kwargs)
  File "E:\1a.毕设\ojSys\venv\lib\site-packages\rest_framework\views.py", line 509, in dispatch
    response = self.handle_exception(exc)
  File "E:\1a.毕设\ojSys\venv\lib\site-packages\rest_framework\views.py", line 469, in handle_exception
    self.raise_uncaught_exception(exc)
  File "E:\1a.毕设\ojSys\venv\lib\site-packages\rest_framework\views.py", line 480, in raise_uncaught_exception
    raise exc
  File "E:\1a.毕设\ojSys\venv\lib\site-packages\rest_framework\views.py", line 506, in dispatch
    response = handler(request, *args, **kwargs)
  File "E:\1a.毕设\ojSys\venv\lib\site-packages\rest_framework\generics.py", line 199, in get
    return self.list(request, *args, **kwargs)
  File "E:\1a.毕设\ojSys\venv\lib\site-packages\rest_framework\mixins.py", line 38, in list
    queryset = self.filter_queryset(self.get_queryset())
  File "E:\1a.毕设\ojSys\api\views\contest.py", line 46, in get_queryset
    uid = self.request.query_params['uid']
  File "E:\1a.毕设\ojSys\venv\lib\site-packages\django\utils\datastructures.py", line 78, in __getitem__
    raise MultiValueDictKeyError(key)
django.utils.datastructures.MultiValueDictKeyError: 'uid'
ERROR 2021-06-08 16:13:31,920 basehttp 161 "GET /api/v1/contests/?page=1&page_size=20&ordering=id&status=start HTTP/1.1" 500 110617
INFO 2021-06-08 16:14:17,409 autoreload 250 E:\1a.毕设\ojSys\config.py changed, reloading.
INFO 2021-06-08 16:14:18,021 autoreload 636 Watching for file changes with StatReloader
INFO 2021-06-08 16:14:24,083 autoreload 250 E:\1a.毕设\ojSys\server\settings.py changed, reloading.
INFO 2021-06-08 16:14:24,652 autoreload 636 Watching for file changes with StatReloader
INFO 2021-06-08 16:14:29,529 autoreload 250 E:\1a.毕设\ojSys\server\settings.py changed, reloading.
INFO 2021-06-08 16:14:30,237 autoreload 636 Watching for file changes with StatReloader
INFO 2021-06-08 16:14:31,007 basehttp 161 "GET /api/v1/problems/ HTTP/1.1" 200 11662
INFO 2021-06-08 16:14:31,013 basehttp 161 "GET /api/v1/contests/ HTTP/1.1" 200 498
ERROR 2021-06-08 16:14:32,275 log 224 Internal Server Error: /api-token-auth/
Traceback (most recent call last):
  File "E:\1a.毕设\ojSys\venv\lib\site-packages\django\core\handlers\exception.py", line 47, in inner
    response = get_response(request)
  File "E:\1a.毕设\ojSys\venv\lib\site-packages\django\core\handlers\base.py", line 181, in _get_response
    response = wrapped_callback(request, *callback_args, **callback_kwargs)
  File "E:\1a.毕设\ojSys\venv\lib\site-packages\django\views\decorators\csrf.py", line 54, in wrapped_view
    return view_func(*args, **kwargs)
  File "E:\1a.毕设\ojSys\venv\lib\site-packages\django\views\generic\base.py", line 70, in view
    return self.dispatch(request, *args, **kwargs)
  File "E:\1a.毕设\ojSys\venv\lib\site-packages\rest_framework\views.py", line 509, in dispatch
    response = self.handle_exception(exc)
  File "E:\1a.毕设\ojSys\venv\lib\site-packages\rest_framework\views.py", line 469, in handle_exception
    self.raise_uncaught_exception(exc)
  File "E:\1a.毕设\ojSys\venv\lib\site-packages\rest_framework\views.py", line 480, in raise_uncaught_exception
    raise exc
  File "E:\1a.毕设\ojSys\venv\lib\site-packages\rest_framework\views.py", line 506, in dispatch
    response = handler(request, *args, **kwargs)
  File "E:\1a.毕设\ojSys\venv\lib\site-packages\rest_framework_jwt\views.py", line 57, in post
    if serializer.is_valid():
  File "E:\1a.毕设\ojSys\venv\lib\site-packages\rest_framework\serializers.py", line 220, in is_valid
    self._validated_data = self.run_validation(self.initial_data)
  File "E:\1a.毕设\ojSys\venv\lib\site-packages\rest_framework\serializers.py", line 422, in run_validation
    value = self.validate(value)
  File "E:\1a.毕设\ojSys\venv\lib\site-packages\rest_framework_jwt\serializers.py", line 57, in validate
    payload = jwt_payload_handler(user)
  File "E:\1a.毕设\ojSys\venv\lib\site-packages\rest_framework_jwt\utils.py", line 45, in jwt_payload_handler
    'exp': datetime.utcnow() + api_settings.JWT_EXPIRATION_DELTA
TypeError: unsupported operand type(s) for +: 'datetime.datetime' and 'tuple'
ERROR 2021-06-08 16:14:32,282 basehttp 161 "POST /api-token-auth/ HTTP/1.1" 500 111376
INFO 2021-06-08 16:16:24,898 autoreload 250 E:\1a.毕设\ojSys\server\settings.py changed, reloading.
INFO 2021-06-08 16:16:25,499 autoreload 636 Watching for file changes with StatReloader
INFO 2021-06-08 16:16:34,682 autoreload 250 E:\1a.毕设\ojSys\config.py changed, reloading.
INFO 2021-06-08 16:16:35,293 autoreload 636 Watching for file changes with StatReloader
INFO 2021-06-08 16:16:38,327 basehttp 161 "POST /api-token-auth/ HTTP/1.1" 200 231
INFO 2021-06-08 16:16:38,671 basehttp 161 "GET /api/v1/problems/ HTTP/1.1" 200 11662
INFO 2021-06-08 16:16:38,676 basehttp 161 "GET /api/v1/user/ HTTP/1.1" 200 761
INFO 2021-06-08 16:16:38,686 basehttp 161 "GET /api/v1/contests/ HTTP/1.1" 200 498
INFO 2021-06-08 16:16:38,716 basehttp 161 "GET /api/v1/user/ HTTP/1.1" 200 761
INFO 2021-06-08 16:17:14,478 basehttp 161 "GET /api/v1/problems/ HTTP/1.1" 200 11662
INFO 2021-06-08 16:17:14,484 basehttp 161 "GET /api/v1/contests/ HTTP/1.1" 200 498
INFO 2021-06-08 16:17:14,484 basehttp 161 "GET /api/v1/user/ HTTP/1.1" 200 761
INFO 2021-06-08 16:17:14,513 basehttp 161 "GET /api/v1/forums/?page=1&page_size=5&ordering=-publish_date&from=all HTTP/1.1" 200 1777
INFO 2021-06-08 16:17:14,524 basehttp 161 "GET /api/v1/user/ HTTP/1.1" 200 761
INFO 2021-06-08 16:17:16,073 basehttp 161 "GET /api/v1/problems/ HTTP/1.1" 200 11662
INFO 2021-06-08 16:17:16,088 basehttp 161 "GET /api/v1/contests/?page=1&page_size=20&ordering=id&status=sign&uid=2 HTTP/1.1" 200 498
INFO 2021-06-08 16:17:16,088 basehttp 161 "GET /api/v1/contests/ HTTP/1.1" 200 498
INFO 2021-06-08 16:21:05,814 basehttp 161 "GET /api/v1/problems/ HTTP/1.1" 200 11662
INFO 2021-06-08 16:21:05,826 basehttp 161 "GET /api/v1/contests/?page=1&page_size=20&ordering=id&status=sign&uid=2 HTTP/1.1" 200 498
INFO 2021-06-08 16:21:05,831 basehttp 161 "GET /api/v1/contests/ HTTP/1.1" 200 498
